This file contains any messages produced by compilers while
running configure, to aid debugging if configure makes a mistake.

It was created by glib configure 2.9.6, which was
generated by GNU Autoconf 2.59.  Invocation command line was

  $ ./configure --host=aarch64-linux-android --prefix=/home/kimocoder/NETLINK/out/aarch64-linux-android/glib2 --enable-static --disable-shared --with-pcre=internal CC=/home/kimocoder/.android-ndk/android-ndk-r23/toolchains/llvm/prebuilt/linux-x86_64/bin/aarch64-linux-android29-clang CXX=/home/kimocoder/.android-ndk/android-ndk-r23/toolchains/llvm/prebuilt/linux-x86_64/bin/aarch64-linux-android29-clang++ CFLAGS=--sysroot=/home/kimocoder/.android-ndk/android-ndk-r23/toolchains/llvm/prebuilt/linux-x86_64/sysroot -fPIC -O2 -D_GNU_SOURCE -I/home/kimocoder/NETLINK/out/aarch64-linux-android/libffi/include -I/home/kimocoder/NETLINK/out/aarch64-linux-android/pcre2/include CXXFLAGS=--sysroot=/home/kimocoder/.android-ndk/android-ndk-r23/toolchains/llvm/prebuilt/linux-x86_64/sysroot -fPIC -O2 -D_GNU_SOURCE -I/home/kimocoder/NETLINK/out/aarch64-linux-android/libffi/include -I/home/kimocoder/NETLINK/out/aarch64-linux-android/pcre2/include LDFLAGS=--sysroot=/home/kimocoder/.android-ndk/android-ndk-r23/toolchains/llvm/prebuilt/linux-x86_64/sysroot -L/home/kimocoder/NETLINK/out/aarch64-linux-android/libffi/lib -L/home/kimocoder/NETLINK/out/aarch64-linux-android/pcre2/lib LIBFFI_CFLAGS=-I/home/kimocoder/NETLINK/out/aarch64-linux-android/libffi/include LIBFFI_LIBS=-L/home/kimocoder/NETLINK/out/aarch64-linux-android/libffi/lib -lffi

## --------- ##
## Platform. ##
## --------- ##

hostname = localhost.localdomain
uname -m = x86_64
uname -r = 6.18.0-061800rc6-generic
uname -s = Linux
uname -v = #202511162239 SMP PREEMPT_DYNAMIC Sun Nov 16 23:06:41 UTC 2025

/usr/bin/uname -p = unknown
/bin/uname -X     = unknown

/bin/arch              = x86_64
/usr/bin/arch -k       = unknown
/usr/convex/getsysinfo = unknown
hostinfo               = unknown
/bin/machine           = unknown
/usr/bin/oslevel       = unknown
/bin/universe          = unknown

PATH: /toolchains/llvm/prebuilt/linux-x86_64/bin
PATH: /home/kimocoder/.local/bin
PATH: /toolchains/llvm/prebuilt/linux-x86_64/bin
PATH: /home/kimocoder/.local/bin
PATH: /usr/local/sbin
PATH: /usr/local/bin
PATH: /usr/sbin
PATH: /usr/bin
PATH: /sbin
PATH: /bin
PATH: /usr/games
PATH: /usr/local/games
PATH: /snap/bin
PATH: /snap/bin
PATH: /home/kimocoder/.dotnet/tools


## ----------- ##
## Core tests. ##
## ----------- ##

configure:1581: checking for a BSD-compatible install
configure:1636: result: /usr/bin/install -c
configure:1647: checking whether build environment is sane
configure:1690: result: yes
configure:1723: checking for gawk
configure:1739: found /usr/bin/gawk
configure:1749: result: gawk
configure:1759: checking whether make sets $(MAKE)
configure:1779: result: yes
configure:1849: checking for aarch64-linux-android-strip
configure:1875: result: /home/kimocoder/.android-ndk/android-ndk-r23/toolchains/llvm/prebuilt/linux-x86_64/bin/llvm-strip
configure:1992: checking whether to enable maintainer-specific portions of Makefiles
configure:2001: result: no
configure:2023: checking build system type
configure:2041: result: x86_64-unknown-linux-gnu
configure:2049: checking host system type
configure:2058: error: /bin/bash ./config.sub aarch64-linux-android failed

## ---------------- ##
## Cache variables. ##
## ---------------- ##

ac_cv_build=x86_64-unknown-linux-gnu
ac_cv_build_alias=x86_64-unknown-linux-gnu
ac_cv_env_CC_set=set
ac_cv_env_CC_value=/home/kimocoder/.android-ndk/android-ndk-r23/toolchains/llvm/prebuilt/linux-x86_64/bin/aarch64-linux-android29-clang
ac_cv_env_CFLAGS_set=set
ac_cv_env_CFLAGS_value='--sysroot=/home/kimocoder/.android-ndk/android-ndk-r23/toolchains/llvm/prebuilt/linux-x86_64/sysroot -fPIC -O2 -D_GNU_SOURCE -I/home/kimocoder/NETLINK/out/aarch64-linux-android/libffi/include -I/home/kimocoder/NETLINK/out/aarch64-linux-android/pcre2/include'
ac_cv_env_CPPFLAGS_set=
ac_cv_env_CPPFLAGS_value=
ac_cv_env_CPP_set=
ac_cv_env_CPP_value=
ac_cv_env_CXXCPP_set=
ac_cv_env_CXXCPP_value=
ac_cv_env_CXXFLAGS_set=set
ac_cv_env_CXXFLAGS_value='--sysroot=/home/kimocoder/.android-ndk/android-ndk-r23/toolchains/llvm/prebuilt/linux-x86_64/sysroot -fPIC -O2 -D_GNU_SOURCE -I/home/kimocoder/NETLINK/out/aarch64-linux-android/libffi/include -I/home/kimocoder/NETLINK/out/aarch64-linux-android/pcre2/include'
ac_cv_env_CXX_set=set
ac_cv_env_CXX_value=/home/kimocoder/.android-ndk/android-ndk-r23/toolchains/llvm/prebuilt/linux-x86_64/bin/aarch64-linux-android29-clang++
ac_cv_env_F77_set=
ac_cv_env_F77_value=
ac_cv_env_FFLAGS_set=
ac_cv_env_FFLAGS_value=
ac_cv_env_LDFLAGS_set=set
ac_cv_env_LDFLAGS_value='--sysroot=/home/kimocoder/.android-ndk/android-ndk-r23/toolchains/llvm/prebuilt/linux-x86_64/sysroot -L/home/kimocoder/NETLINK/out/aarch64-linux-android/libffi/lib -L/home/kimocoder/NETLINK/out/aarch64-linux-android/pcre2/lib'
ac_cv_env_build_alias_set=
ac_cv_env_build_alias_value=
ac_cv_env_host_alias_set=set
ac_cv_env_host_alias_value=aarch64-linux-android
ac_cv_env_target_alias_set=
ac_cv_env_target_alias_value=
ac_cv_host=
ac_cv_host_alias=aarch64-linux-android
ac_cv_path_install='/usr/bin/install -c'
ac_cv_prog_AWK=gawk
ac_cv_prog_STRIP=/home/kimocoder/.android-ndk/android-ndk-r23/toolchains/llvm/prebuilt/linux-x86_64/bin/llvm-strip
ac_cv_prog_make_make_set=yes

## ----------------- ##
## Output variables. ##
## ----------------- ##

ACLOCAL='${SHELL} /home/kimocoder/NETLINK/src/glib-2.9.6/missing --run aclocal-1.7'
ALLOCA=''
AMDEPBACKSLASH=''
AMDEP_FALSE=''
AMDEP_TRUE=''
AMTAR='${SHELL} /home/kimocoder/NETLINK/src/glib-2.9.6/missing --run tar'
AR='/home/kimocoder/.android-ndk/android-ndk-r23/toolchains/llvm/prebuilt/linux-x86_64/bin/llvm-ar'
AS='/home/kimocoder/.android-ndk/android-ndk-r23/toolchains/llvm/prebuilt/linux-x86_64/bin/aarch64-linux-android29-clang'
AUTOCONF='${SHELL} /home/kimocoder/NETLINK/src/glib-2.9.6/missing --run autoconf'
AUTOHEADER='${SHELL} /home/kimocoder/NETLINK/src/glib-2.9.6/missing --run autoheader'
AUTOMAKE='${SHELL} /home/kimocoder/NETLINK/src/glib-2.9.6/missing --run automake-1.7'
AWK='gawk'
CATALOGS=''
CATOBJEXT=''
CC='/home/kimocoder/.android-ndk/android-ndk-r23/toolchains/llvm/prebuilt/linux-x86_64/bin/aarch64-linux-android29-clang'
CCDEPMODE=''
CFLAGS='--sysroot=/home/kimocoder/.android-ndk/android-ndk-r23/toolchains/llvm/prebuilt/linux-x86_64/sysroot -fPIC -O2 -D_GNU_SOURCE -I/home/kimocoder/NETLINK/out/aarch64-linux-android/libffi/include -I/home/kimocoder/NETLINK/out/aarch64-linux-android/pcre2/include'
CPP=''
CPPFLAGS=''
CROSS_COMPILING_FALSE=''
CROSS_COMPILING_TRUE=''
CXX='/home/kimocoder/.android-ndk/android-ndk-r23/toolchains/llvm/prebuilt/linux-x86_64/bin/aarch64-linux-android29-clang++'
CXXCPP=''
CXXDEPMODE=''
CXXFLAGS='--sysroot=/home/kimocoder/.android-ndk/android-ndk-r23/toolchains/llvm/prebuilt/linux-x86_64/sysroot -fPIC -O2 -D_GNU_SOURCE -I/home/kimocoder/NETLINK/out/aarch64-linux-android/libffi/include -I/home/kimocoder/NETLINK/out/aarch64-linux-android/pcre2/include'
CYGPATH_W='echo'
DATADIRNAME=''
DEFS=''
DEPDIR=''
DISABLE_MEM_POOLS=''
DLLTOOL=''
ECHO='echo'
ECHO_C=''
ECHO_N='-n'
ECHO_T=''
EGREP=''
ENABLE_GTK_DOC_FALSE=''
ENABLE_GTK_DOC_TRUE=''
ENABLE_MAN_FALSE=''
ENABLE_MAN_TRUE=''
ENABLE_TIMELOOP_FALSE=''
ENABLE_TIMELOOP_TRUE=''
EXEEXT=''
F77=''
FFLAGS=''
GETTEXT_PACKAGE=''
GIO=''
GLIBC21=''
GLIB_BINARY_AGE='906'
GLIB_DEBUG_FLAGS=''
GLIB_DEF=''
GLIB_GENMARSHAL=''
GLIB_INTERFACE_AGE='4'
GLIB_MAJOR_VERSION='2'
GLIB_MICRO_VERSION='6'
GLIB_MINOR_VERSION='9'
GLIB_VERSION='2.9.6'
GMODULE_DEF=''
GMOFILES=''
GMSGFMT=''
GOBJECT_DEF=''
GSPAWN=''
GTHREAD_COMPILE_IMPL_DEFINES=''
GTHREAD_DEF=''
GTK_DOC_USE_LIBTOOL_FALSE=''
GTK_DOC_USE_LIBTOOL_TRUE=''
G_LIBS_EXTRA=''
G_MODULE_BROKEN_RTLD_GLOBAL=''
G_MODULE_HAVE_DLERROR=''
G_MODULE_IMPL=''
G_MODULE_LDFLAGS=''
G_MODULE_LIBS=''
G_MODULE_LIBS_EXTRA=''
G_MODULE_NEED_USCORE=''
G_MODULE_PLUGIN_LIBS=''
G_MODULE_SUPPORTED=''
G_THREAD_CFLAGS=''
G_THREAD_LIBS=''
G_THREAD_LIBS_EXTRA=''
G_THREAD_LIBS_FOR_GTHREAD=''
HAVE_CXX_FALSE=''
HAVE_CXX_TRUE=''
HAVE_GNUC_VISIBILITY_FALSE=''
HAVE_GNUC_VISIBILITY_TRUE=''
HAVE_GOOD_PRINTF_FALSE=''
HAVE_GOOD_PRINTF_TRUE=''
HTML_DIR=''
ICONV_LIBS=''
INDENT=''
INSTALL_DATA='${INSTALL} -m 644'
INSTALL_PROGRAM='${INSTALL}'
INSTALL_SCRIPT='${INSTALL}'
INSTALL_STRIP_PROGRAM='${SHELL} $(install_sh) -c -s'
INSTOBJEXT=''
INTLLIBS=''
LDFLAGS='--sysroot=/home/kimocoder/.android-ndk/android-ndk-r23/toolchains/llvm/prebuilt/linux-x86_64/sysroot -L/home/kimocoder/NETLINK/out/aarch64-linux-android/libffi/lib -L/home/kimocoder/NETLINK/out/aarch64-linux-android/pcre2/lib'
LIBOBJS=''
LIBS=''
LIBTOOL=''
LIBTOOL_EXPORT_OPTIONS=''
LN_S=''
LTLIBOBJS=''
LT_AGE='902'
LT_CURRENT='902'
LT_CURRENT_MINUS_AGE='0'
LT_RELEASE='2.9'
LT_REVISION='4'
MAINT='#'
MAINTAINER_MODE_FALSE=''
MAINTAINER_MODE_TRUE='#'
MAKEINFO='${SHELL} /home/kimocoder/NETLINK/src/glib-2.9.6/missing --run makeinfo'
MKINSTALLDIRS=''
MSGFMT=''
MS_LIB_AVAILABLE_FALSE=''
MS_LIB_AVAILABLE_TRUE=''
NM=''
OBJDUMP=''
OBJEXT=''
OS_LINUX_FALSE=''
OS_LINUX_TRUE=''
OS_UNIX_FALSE=''
OS_UNIX_TRUE=''
OS_WIN32_FALSE=''
OS_WIN32_TRUE=''
PACKAGE='glib'
PACKAGE_BUGREPORT='http://bugzilla.gnome.org/enter_bug.cgi?product=glib'
PACKAGE_NAME='glib'
PACKAGE_STRING='glib 2.9.6'
PACKAGE_TARNAME='glib'
PACKAGE_VERSION='2.9.6'
PATH_SEPARATOR=':'
PERL=''
PERL_PATH=''
PKG_CONFIG=''
PLATFORMDEP=''
PLATFORM_WIN32_FALSE=''
PLATFORM_WIN32_TRUE=''
POFILES=''
POSUB=''
PO_IN_DATADIR_FALSE=''
PO_IN_DATADIR_TRUE=''
RANLIB='/home/kimocoder/.android-ndk/android-ndk-r23/toolchains/llvm/prebuilt/linux-x86_64/bin/llvm-ranlib'
REBUILD=''
SET_MAKE=''
SHELL='/bin/bash'
STRIP='/home/kimocoder/.android-ndk/android-ndk-r23/toolchains/llvm/prebuilt/linux-x86_64/bin/llvm-strip'
TESTGMODULE_EXP=''
USE_NLS=''
VERSION='2.9.6'
WINDRES=''
XGETTEXT=''
XMLCATALOG=''
XML_CATALOG_FILE=''
XSLTPROC=''
ac_ct_AR=''
ac_ct_AS=''
ac_ct_CC=''
ac_ct_CXX=''
ac_ct_DLLTOOL=''
ac_ct_F77=''
ac_ct_NM=''
ac_ct_OBJDUMP=''
ac_ct_RANLIB=''
ac_ct_STRIP=''
ac_ct_WINDRES=''
am__fastdepCC_FALSE=''
am__fastdepCC_TRUE=''
am__fastdepCXX_FALSE=''
am__fastdepCXX_TRUE=''
am__include=''
am__leading_dot='.'
am__quote=''
bindir='${exec_prefix}/bin'
build='x86_64-unknown-linux-gnu'
build_alias=''
build_cpu='x86_64'
build_os='linux-gnu'
build_vendor='unknown'
datadir='${prefix}/share'
exec_prefix='NONE'
host='aarch64-linux-android'
host_alias='aarch64-linux-android'
host_cpu=''
host_os=''
host_vendor=''
includedir='${prefix}/include'
infodir='${prefix}/info'
install_sh='/home/kimocoder/NETLINK/src/glib-2.9.6/install-sh'
libdir='${exec_prefix}/lib'
libexecdir='${exec_prefix}/libexec'
localstatedir='${prefix}/var'
mandir='${prefix}/man'
ms_librarian=''
oldincludedir='/usr/include'
prefix='/home/kimocoder/NETLINK/out/aarch64-linux-android/glib2'
program_transform_name='s,x,x,'
sbindir='${exec_prefix}/sbin'
sharedstatedir='${prefix}/com'
sysconfdir='${prefix}/etc'
target_alias=''

## ----------- ##
## confdefs.h. ##
## ----------- ##

#define GLIB_BINARY_AGE 906
#define GLIB_INTERFACE_AGE 4
#define GLIB_MAJOR_VERSION 2
#define GLIB_MICRO_VERSION 6
#define GLIB_MINOR_VERSION 9
#define PACKAGE_BUGREPORT "http://bugzilla.gnome.org/enter_bug.cgi?product=glib"
#define PACKAGE_NAME "glib"
#define PACKAGE_STRING "glib 2.9.6"
#define PACKAGE_TARNAME "glib"
#define PACKAGE_VERSION "2.9.6"

configure: exit 1
